[debug] [2022-02-21T06:01:09.488Z] ----------------------------------------------------------------------
[debug] [2022-02-21T06:01:09.490Z] Command:       C:\Program Files\nodejs\node.exe C:\Users\msahi\AppData\Roaming\npm\node_modules\firebase-tools\lib\bin\firebase.js init
[debug] [2022-02-21T06:01:09.491Z] CLI Version:   10.2.1
[debug] [2022-02-21T06:01:09.491Z] Platform:      win32
[debug] [2022-02-21T06:01:09.491Z] Node Version:  v16.13.2
[debug] [2022-02-21T06:01:09.492Z] Time:          Mon Feb 21 2022 11:31:09 GMT+0530 (India Standard Time)
[debug] [2022-02-21T06:01:09.493Z] ----------------------------------------------------------------------
[debug] 
[debug] [2022-02-21T06:01:09.501Z] > command requires scopes: ["email","openid","https://www.googleapis.com/auth/cloudplatformprojects.readonly","https://www.googleapis.com/auth/firebase","https://www.googleapis.com/auth/cloud-platform"]
[debug] [2022-02-21T06:01:09.501Z] > authorizing via signed-in user (sahilmejakhas@gmail.com)
[info] 
     ######## #### ########  ######## ########     ###     ######  ########
     ##        ##  ##     ## ##       ##     ##  ##   ##  ##       ##
     ######    ##  ########  ######   ########  #########  ######  ######
     ##        ##  ##    ##  ##       ##     ## ##     ##       ## ##
     ##       #### ##     ## ######## ########  ##     ##  ######  ########

You're about to initialize a Firebase project in this directory:

  C:\MySpace\Sahil\New Projects\amazon-clone

Before we get started, keep in mind:

  * You are currently outside your home directory

